<?xml version="1.0" encoding="UTF-8"?>
<testsuite name="HelloWorldTest" tests="1" skipped="0" failures="0" errors="0" timestamp="2022-10-13T18:55:07" hostname="ML-C02GG0SQMD6T" time="0.013">
  <properties/>
  <testcase name="helloWorldTest" classname="HelloWorldTest" time="0.013"/>
  <system-out><![CDATA[]]></system-out>
  <system-err><![CDATA[]]></system-err>
</testsuite>
